<?xml version="1.0" encoding="UTF-8"?>
<!-- Generated by org.testng.reporters.JUnitXMLReporter -->
<testsuite ignored="1" hostname="LAPTOP-SPROEP6A" failures="0" tests="1" name="edge(failed)" time="38.81" errors="0" timestamp="2022-05-25T10:39:09 IST">
  <testcase classname="PAY.VerifyPostpaidAndPraipadButtonNG" name="@BeforeMethod ClickOnApplication" time="12.261">
    <failure type="org.openqa.selenium.WebDriverException" message="chrome not reachable
  (Session info: MicrosoftEdge=101.0.1210.53)
Build info: version: &amp;apos;3.141.59&amp;apos;, revision: &amp;apos;e82be7d358&amp;apos;, time: &amp;apos;2018-11-14T08:17:03&amp;apos;
System info: host: &amp;apos;LAPTOP-SPROEP6A&amp;apos;, ip: &amp;apos;192.168.51.174&amp;apos;, os.name: &amp;apos;Windows 11&amp;apos;, os.arch: &amp;apos;amd64&amp;apos;, os.version: &amp;apos;10.0&amp;apos;, java.version: &amp;apos;17.0.2&amp;apos;
Driver info: org.openqa.selenium.edge.EdgeDriver
Capabilities {acceptInsecureCerts: false, browserName: msedge, browserVersion: 101.0.1210.53, javascriptEnabled: true, ms:edgeOptions: {debuggerAddress: localhost:61838}, msedge: {msedgedriverVersion: 101.0.1210.47 (f5323bd54bb6..., userDataDir: C:\Users\91775\AppData\Loca...}, networkConnectionEnabled: false, pageLoadStrategy: normal, platform: WINDOWS, platformName: WINDOWS, proxy: Proxy(), setWindowRect: true, strictFileInteractability: false, timeouts: {implicit: 0, pageLoad: 300000, script: 30000}, unhandledPromptBehavior: dismiss and notify, webauthn:extension:credBlob: true, webauthn:extension:largeBlob: true, webauthn:virtualAuthenticators: true}
Session ID: 5856c902c1b4f6b5cce6519e9c0c35da">
      <![CDATA[org.openqa.selenium.WebDriverException: chrome not reachable
  (Session info: MicrosoftEdge=101.0.1210.53)
Build info: version: '3.141.59', revision: 'e82be7d358', time: '2018-11-14T08:17:03'
System info: host: 'LAPTOP-SPROEP6A', ip: '192.168.51.174', os.name: 'Windows 11', os.arch: 'amd64', os.version: '10.0', java.version: '17.0.2'
Driver info: org.openqa.selenium.edge.EdgeDriver
Capabilities {acceptInsecureCerts: false, browserName: msedge, browserVersion: 101.0.1210.53, javascriptEnabled: true, ms:edgeOptions: {debuggerAddress: localhost:61838}, msedge: {msedgedriverVersion: 101.0.1210.47 (f5323bd54bb6..., userDataDir: C:\Users\91775\AppData\Loca...}, networkConnectionEnabled: false, pageLoadStrategy: normal, platform: WINDOWS, platformName: WINDOWS, proxy: Proxy(), setWindowRect: true, strictFileInteractability: false, timeouts: {implicit: 0, pageLoad: 300000, script: 30000}, unhandledPromptBehavior: dismiss and notify, webauthn:extension:credBlob: true, webauthn:extension:largeBlob: true, webauthn:virtualAuthenticators: true}
Session ID: 5856c902c1b4f6b5cce6519e9c0c35da
at org.openqa.selenium.remote.http.W3CHttpResponseCodec.createException(W3CHttpResponseCodec.java:187)
at org.openqa.selenium.remote.http.W3CHttpResponseCodec.decode(W3CHttpResponseCodec.java:122)
at org.openqa.selenium.remote.http.W3CHttpResponseCodec.decode(W3CHttpResponseCodec.java:49)
at org.openqa.selenium.remote.HttpCommandExecutor.execute(HttpCommandExecutor.java:158)
at org.openqa.selenium.remote.service.DriverCommandExecutor.execute(DriverCommandExecutor.java:83)
at org.openqa.selenium.remote.RemoteWebDriver.execute(RemoteWebDriver.java:552)
at org.openqa.selenium.remote.RemoteWebDriver.get(RemoteWebDriver.java:277)
at PAY.VerifyPostpaidAndPraipadButtonNG.ClickOnApplication(VerifyPostpaidAndPraipadButtonNG.java:56)
at java.base/java.util.ArrayList.forEach(ArrayList.java:1511)
... Removed 36 stack frames]]>
    </failure>
  </testcase> <!-- @BeforeMethod ClickOnApplication -->
  <testcase classname="PAY.VerifyPostpaidAndPraipadButtonNG" name="@AfterClass browserClose" time="-1.653455348132E9">
    <skipped/>
  </testcase> <!-- @AfterClass browserClose -->
  <testcase classname="PAY.VerifyPostpaidAndPraipadButtonNG" name="@AfterTest closeBrowser" time="-1.653455348134E9">
    <skipped/>
  </testcase> <!-- @AfterTest closeBrowser -->
  <testcase classname="PAY.VerifyPostpaidAndPraipadButtonNG" name="verifyRechargeMudulePrepaiProceeddButton" time="0.0">
    <skipped/>
  </testcase> <!-- verifyRechargeMudulePrepaiProceeddButton -->
  <testcase classname="PAY.VerifyPostpaidAndPraipadButtonNG" name="verifyRechargeModuleTab" time="0.0">
    <ignored/>
  </testcase> <!-- verifyRechargeModuleTab -->
</testsuite> <!-- edge(failed) -->
