<?xml version="1.0" encoding="UTF-8"?>
<!-- Generated by org.testng.reporters.JUnitXMLReporter -->
<testsuite ignored="0" hostname="LAPTOP-SPROEP6A" failures="0" tests="2" name="MicrosoftEdge" time="38.61" errors="0" timestamp="2022-05-26T17:28:44 IST">
  <testcase classname="PAY.VerifyPostpaidAndPraipadButtonNG" name="verifyRechargeModuleTab" time="3.431"/>
  <testcase classname="PAY.VerifyPostpaidAndPraipadButtonNG" name="verifyRechargeMudulePrepaiProceeddButton" time="20.504"/>
</testsuite> <!-- MicrosoftEdge -->
