<?xml version="1.0" encoding="UTF-8"?>
<!-- Generated by org.testng.reporters.JUnitXMLReporter -->
<testsuite ignored="0" hostname="LAPTOP-SPROEP6A" failures="1" tests="3" name="MicrosfotEdge" time="68.961" errors="0" timestamp="2022-05-28T10:56:09 IST">
  <testcase classname="PAY.VerifyPostpaidAndPraipadButtonNG" name="verifyRechargeModuleTab" time="2.79">
    <failure type="java.lang.AssertionError" message="The following asserts failed:
	expected [502 Bad Gateway] but found [Online Recharge - Online Mobile Recharge &amp;amp; Prepaid Recharge Plans]">
      <![CDATA[java.lang.AssertionError: The following asserts failed:
expected [502 Bad Gateway] but found [Online Recharge - Online Mobile Recharge & Prepaid Recharge Plans]
at PAY.VerifyPostpaidAndPraipadButtonNG.verifyRechargeModuleTab(VerifyPostpaidAndPraipadButtonNG.java:76)
at java.base/java.util.concurrent.ThreadPoolExecutor.runWorker(ThreadPoolExecutor.java:1136)
at java.base/java.util.concurrent.ThreadPoolExecutor$Worker.run(ThreadPoolExecutor.java:635)
at java.base/java.lang.Thread.run(Thread.java:833)
... Removed 14 stack frames]]>
    </failure>
  </testcase> <!-- verifyRechargeModuleTab -->
  <testcase classname="PAY.VerifyPostpaidAndPraipadButtonNG" name="verifyRechargeMudulePrepaiProceeddButton" time="23.671"/>
  <testcase classname="PAY.VerifyPostpaidAndPraipadButtonNG" name="verifyRechargeMudulePrepaiProceeddButton" time="19.359"/>
</testsuite> <!-- MicrosfotEdge -->
